<?xml version="1.0" encoding="UTF-8"?>
<testng-results skipped="0" failed="0" ignored="0" total="1" passed="1">
  <reporter-output>
  </reporter-output>
  <suite name="Default suite" duration-ms="4934" started-at="2021-11-01T03:21:07 BRT" finished-at="2021-11-01T03:21:12 BRT">
    <groups>
    </groups>
    <test name="Default test" duration-ms="4934" started-at="2021-11-01T03:21:07 BRT" finished-at="2021-11-01T03:21:12 BRT">
      <class name="com.saucedemo.automacao.LoginTest">
        <test-method status="PASS" signature="setUp()[pri:0, instance:com.saucedemo.automacao.LoginTest@10b1a751]" name="setUp" is-config="true" duration-ms="1851" started-at="2021-11-01T03:21:07 BRT" finished-at="2021-11-01T03:21:09 BRT">
          <reporter-output>
          </reporter-output>
        </test-method> <!-- setUp -->
        <test-method status="PASS" signature="loginDenied()[pri:1, instance:com.saucedemo.automacao.LoginTest@10b1a751]" name="loginDenied" duration-ms="2343" started-at="2021-11-01T03:21:09 BRT" finished-at="2021-11-01T03:21:11 BRT">
          <reporter-output>
          </reporter-output>
        </test-method> <!-- loginDenied -->
        <test-method status="PASS" signature="quit()[pri:0, instance:com.saucedemo.automacao.LoginTest@10b1a751]" name="quit" is-config="true" duration-ms="673" started-at="2021-11-01T03:21:11 BRT" finished-at="2021-11-01T03:21:12 BRT">
          <reporter-output>
          </reporter-output>
        </test-method> <!-- quit -->
      </class> <!-- com.saucedemo.automacao.LoginTest -->
    </test> <!-- Default test -->
  </suite> <!-- Default suite -->
</testng-results>
